[2018-01-26T20:44:30.466] [INFO] repo - Read repository items: /Users/cnytync/Programming/tools/WebAppBuilderForArcGIS/client/stemapp/widgets
[2018-01-26T20:44:32.241] [INFO] app - Find 6 predfinded apps.
[2018-01-26T20:44:32.242] [INFO] repo - insert HTML.About
[2018-01-26T20:44:32.243] [INFO] repo - insert HTML.AddData
[2018-01-26T20:44:32.244] [INFO] repo - insert HTML.Analysis
[2018-01-26T20:44:32.245] [INFO] repo - insert HTML.AttributeTable
[2018-01-26T20:44:32.245] [INFO] repo - insert HTML.BasemapGallery
[2018-01-26T20:44:32.246] [INFO] repo - insert HTML.BatchAttributeEditor
[2018-01-26T20:44:32.247] [INFO] repo - insert HTML.Bookmark
[2018-01-26T20:44:32.247] [INFO] repo - insert HTML.Chart
[2018-01-26T20:44:32.248] [INFO] repo - insert HTML.Coordinate
[2018-01-26T20:44:32.249] [INFO] repo - insert HTML.CoordinateConversion
[2018-01-26T20:44:32.249] [INFO] repo - insert HTML.CostAnalysis
[2018-01-26T20:44:32.250] [INFO] repo - insert HTML.Directions
[2018-01-26T20:44:32.251] [INFO] repo - insert HTML.DistrictLookup
[2018-01-26T20:44:32.251] [INFO] repo - insert HTML.Draw
[2018-01-26T20:44:32.252] [INFO] repo - insert HTML.Edit
[2018-01-26T20:44:32.253] [INFO] repo - insert HTML.ExtentNavigate
[2018-01-26T20:44:32.253] [INFO] repo - insert HTML.Filter
[2018-01-26T20:44:32.254] [INFO] repo - insert HTML.FullScreen
[2018-01-26T20:44:32.255] [INFO] repo - insert HTML.GeoLookup
[2018-01-26T20:44:32.256] [INFO] repo - insert HTML.Geoprocessing
[2018-01-26T20:44:32.257] [INFO] repo - insert HTML.GridOverlay
[2018-01-26T20:44:32.258] [INFO] repo - insert HTML.GroupFilter
[2018-01-26T20:44:32.258] [INFO] repo - insert HTML.HomeButton
[2018-01-26T20:44:32.259] [INFO] repo - insert HTML.ImageMeasurement
[2018-01-26T20:44:32.259] [INFO] repo - insert HTML.IncidentAnalysis
[2018-01-26T20:44:32.260] [INFO] repo - insert HTML.InfoSummary
[2018-01-26T20:44:32.261] [INFO] repo - insert HTML.Infographic
[2018-01-26T20:44:32.261] [INFO] repo - insert HTML.LayerList
[2018-01-26T20:44:32.262] [INFO] repo - insert HTML.Legend
[2018-01-26T20:44:32.262] [INFO] repo - insert HTML.Measurement
[2018-01-26T20:44:32.263] [INFO] repo - insert HTML.MyLocation
[2018-01-26T20:44:32.263] [INFO] repo - insert HTML.NearMe
[2018-01-26T20:44:32.264] [INFO] repo - insert HTML.ObliqueViewer
[2018-01-26T20:44:32.264] [INFO] repo - insert HTML.OverviewMap
[2018-01-26T20:44:32.265] [INFO] repo - insert HTML.ParcelDrafter
[2018-01-26T20:44:32.266] [INFO] repo - insert HTML.Print
[2018-01-26T20:44:32.267] [INFO] repo - insert HTML.PublicNotification
[2018-01-26T20:44:32.268] [INFO] repo - insert HTML.Query
[2018-01-26T20:44:32.268] [INFO] repo - insert HTML.RelatedTableCharts
[2018-01-26T20:44:32.269] [INFO] repo - insert HTML.ReportFeature
[2018-01-26T20:44:32.269] [INFO] repo - insert HTML.ReviewerDashboard
[2018-01-26T20:44:32.270] [INFO] repo - insert HTML.Scalebar
[2018-01-26T20:44:32.270] [INFO] repo - insert HTML.Screening
[2018-01-26T20:44:32.271] [INFO] repo - insert HTML.Search
[2018-01-26T20:44:32.272] [INFO] repo - insert HTML.Select
[2018-01-26T20:44:32.272] [INFO] repo - insert HTML.Share
[2018-01-26T20:44:32.274] [INFO] repo - insert HTML.SituationAwareness
[2018-01-26T20:44:32.275] [INFO] repo - insert HTML.SmartEditor
[2018-01-26T20:44:32.276] [INFO] repo - insert HTML.Splash
[2018-01-26T20:44:32.277] [INFO] repo - insert HTML.Stream
[2018-01-26T20:44:32.278] [INFO] repo - insert HTML.SuitabilityModeler
[2018-01-26T20:44:32.279] [INFO] repo - insert HTML.Summary
[2018-01-26T20:44:32.280] [INFO] repo - insert HTML.Swipe
[2018-01-26T20:44:32.281] [INFO] repo - insert HTML.TimeSlider
[2018-01-26T20:44:32.281] [INFO] repo - insert HTML.ZoomSlider
[2018-01-26T20:44:32.285] [INFO] repo - Read repository items: /Users/cnytync/Programming/tools/WebAppBuilderForArcGIS/client/stemapp/themes
[2018-01-26T20:44:32.731] [INFO] repo - insert HTML.BoxTheme
[2018-01-26T20:44:32.732] [INFO] repo - insert HTML.BillboardTheme
[2018-01-26T20:44:32.732] [INFO] repo - insert HTML.DartTheme
[2018-01-26T20:44:32.734] [INFO] repo - insert HTML.JewelryBoxTheme
[2018-01-26T20:44:32.735] [INFO] repo - insert HTML.DashboardTheme
[2018-01-26T20:44:32.736] [INFO] repo - insert HTML.FoldableTheme
[2018-01-26T20:44:32.737] [INFO] repo - insert HTML.LaunchpadTheme
[2018-01-26T20:44:32.738] [INFO] repo - insert HTML.PlateauTheme
[2018-01-26T20:44:32.739] [INFO] repo - insert HTML.TabTheme
[2018-01-26T20:44:32.739] [INFO] repo - Read repository items: /Users/cnytync/Programming/tools/WebAppBuilderForArcGIS/client/stemapp3d/widgets
[2018-01-26T20:44:33.321] [INFO] repo - insert HTML3D.BasemapGallery
[2018-01-26T20:44:33.321] [INFO] repo - insert HTML3D.3DFx
[2018-01-26T20:44:33.321] [INFO] repo - insert HTML3D.Compass
[2018-01-26T20:44:33.322] [INFO] repo - insert HTML3D.About
[2018-01-26T20:44:33.323] [INFO] repo - insert HTML3D.Coordinate
[2018-01-26T20:44:33.323] [INFO] repo - insert HTML3D.FullScreen
[2018-01-26T20:44:33.324] [INFO] repo - insert HTML3D.Daylight
[2018-01-26T20:44:33.324] [INFO] repo - insert HTML3D.Legend
[2018-01-26T20:44:33.325] [INFO] repo - insert HTML3D.Home
[2018-01-26T20:44:33.325] [INFO] repo - insert HTML3D.LayerList
[2018-01-26T20:44:33.326] [INFO] repo - insert HTML3D.MyLocation
[2018-01-26T20:44:33.327] [INFO] repo - insert HTML3D.Search
[2018-01-26T20:44:33.327] [INFO] repo - insert HTML3D.Slides
[2018-01-26T20:44:33.328] [INFO] repo - insert HTML3D.Navigate
[2018-01-26T20:44:33.330] [INFO] repo - insert HTML3D.Splash
[2018-01-26T20:44:33.331] [INFO] repo - insert HTML3D.ZoomSlider
[2018-01-26T20:44:33.331] [INFO] repo - Read repository items: /Users/cnytync/Programming/tools/WebAppBuilderForArcGIS/client/stemapp3d/themes
[2018-01-26T20:44:33.638] [INFO] repo - insert HTML3D.FoldableTheme
[2018-01-26T20:44:33.638] [INFO] repo - insert HTML3D.BillboardTheme
[2018-01-26T20:44:33.639] [INFO] repo - insert HTML3D.BoxTheme
[2018-01-26T20:44:33.640] [INFO] repo - insert HTML3D.JewelryBoxTheme
[2018-01-26T20:44:33.640] [INFO] repo - insert HTML3D.DartTheme
[2018-01-26T20:44:33.641] [INFO] repo - insert HTML3D.TabTheme
[2018-01-26T20:44:33.642] [INFO] repo - insert HTML3D.LaunchpadTheme
[2018-01-26T20:44:48.305] [INFO] default - No portal URL is set, redirect /webappbuilder to /webappbuilder?action=setportalurl
[2018-01-26T21:16:58.539] [INFO] repo - Read repository items: /Users/cnytync/Programming/tools/WebAppBuilderForArcGIS/client/stemapp/widgets
[2018-01-26T21:17:00.861] [INFO] repo - Read repository items: /Users/cnytync/Programming/tools/WebAppBuilderForArcGIS/client/stemapp/themes
[2018-01-26T21:17:01.339] [INFO] repo - Read repository items: /Users/cnytync/Programming/tools/WebAppBuilderForArcGIS/client/stemapp3d/widgets
[2018-01-26T21:17:01.930] [INFO] repo - Read repository items: /Users/cnytync/Programming/tools/WebAppBuilderForArcGIS/client/stemapp3d/themes
[2018-01-26T21:18:28.729] [INFO] default - No portal URL is set, redirect /webappbuilder/ to /webappbuilder/?action=setportalurl
[2018-01-26T22:21:03.006] [DEBUG] utils - copy /Users/cnytync/Programming/tools/WebAppBuilderForArcGIS/client/stemapp/jimu.js
[2018-01-26T22:21:04.016] [DEBUG] utils - copy /Users/cnytync/Programming/tools/WebAppBuilderForArcGIS/client/stemapp/images
[2018-01-26T22:21:04.027] [DEBUG] utils - copy /Users/cnytync/Programming/tools/WebAppBuilderForArcGIS/client/stemapp/libs
[2018-01-26T22:21:04.083] [DEBUG] utils - copy /Users/cnytync/Programming/tools/WebAppBuilderForArcGIS/client/stemapp/index.html
[2018-01-26T22:21:04.084] [DEBUG] utils - copy /Users/cnytync/Programming/tools/WebAppBuilderForArcGIS/client/stemapp/env.js
[2018-01-26T22:21:04.086] [DEBUG] utils - copy /Users/cnytync/Programming/tools/WebAppBuilderForArcGIS/client/stemapp/simpleLoader.js
[2018-01-26T22:21:04.088] [DEBUG] utils - copy /Users/cnytync/Programming/tools/WebAppBuilderForArcGIS/client/stemapp/init.js
[2018-01-26T22:21:04.089] [DEBUG] utils - copy /Users/cnytync/Programming/tools/WebAppBuilderForArcGIS/client/stemapp/web.config
[2018-01-26T22:21:04.091] [DEBUG] utils - copy /Users/cnytync/Programming/tools/WebAppBuilderForArcGIS/client/stemapp/dynamic-modules
[2018-01-26T22:21:04.095] [DEBUG] utils - copy /Users/cnytync/Programming/tools/WebAppBuilderForArcGIS/client/stemapp/readme.html
[2018-01-26T22:21:04.097] [DEBUG] utils - copy /Users/cnytync/Programming/tools/WebAppBuilderForArcGIS/client/stemapp/config-readme.txt
[2018-01-26T22:21:04.099] [DEBUG] utils - copy /Users/cnytync/Programming/tools/WebAppBuilderForArcGIS/client/stemapp/configs
[2018-01-26T22:21:04.107] [DEBUG] utils - copy /Users/cnytync/Programming/tools/WebAppBuilderForArcGIS/client/stemapp/.jshintrc
[2018-01-26T22:21:04.108] [DEBUG] utils - copy /Users/cnytync/Programming/tools/WebAppBuilderForArcGIS/client/stemapp/.jshintignore
[2018-01-26T22:21:04.110] [DEBUG] utils - copy /Users/cnytync/Programming/tools/WebAppBuilderForArcGIS/client/stemapp/3rd-party-license.txt
[2018-01-26T22:21:04.125] [DEBUG] utils - copy /Users/cnytync/Programming/tools/WebAppBuilderForArcGIS/client/stemapp/themes/FoldableTheme
[2018-01-26T22:21:04.326] [DEBUG] utils - copy /Users/cnytync/Programming/tools/WebAppBuilderForArcGIS/client/stemapp/widgets/Scalebar
[2018-01-26T22:21:04.437] [DEBUG] utils - copy /Users/cnytync/Programming/tools/WebAppBuilderForArcGIS/client/stemapp/widgets/Search
[2018-01-26T22:21:04.564] [DEBUG] utils - copy /Users/cnytync/Programming/tools/WebAppBuilderForArcGIS/client/stemapp/widgets/Coordinate
[2018-01-26T22:21:04.703] [DEBUG] utils - copy /Users/cnytync/Programming/tools/WebAppBuilderForArcGIS/client/stemapp/widgets/OverviewMap
[2018-01-26T22:21:04.826] [DEBUG] utils - copy /Users/cnytync/Programming/tools/WebAppBuilderForArcGIS/client/stemapp/widgets/HomeButton
[2018-01-26T22:21:04.885] [DEBUG] utils - copy /Users/cnytync/Programming/tools/WebAppBuilderForArcGIS/client/stemapp/widgets/MyLocation
[2018-01-26T22:21:05.005] [DEBUG] utils - copy /Users/cnytync/Programming/tools/WebAppBuilderForArcGIS/client/stemapp/widgets/AttributeTable
[2018-01-26T22:21:05.155] [DEBUG] utils - copy /Users/cnytync/Programming/tools/WebAppBuilderForArcGIS/client/stemapp/widgets/Splash
[2018-01-26T22:21:05.323] [DEBUG] utils - copy /Users/cnytync/Programming/tools/WebAppBuilderForArcGIS/client/stemapp/widgets/ZoomSlider
[2018-01-26T22:21:05.380] [DEBUG] utils - copy /Users/cnytync/Programming/tools/WebAppBuilderForArcGIS/client/stemapp/widgets/ExtentNavigate
[2018-01-26T22:21:05.442] [DEBUG] utils - copy /Users/cnytync/Programming/tools/WebAppBuilderForArcGIS/client/stemapp/widgets/FullScreen
[2018-01-26T22:21:05.503] [DEBUG] utils - copy /Users/cnytync/Programming/tools/WebAppBuilderForArcGIS/client/stemapp/widgets/Legend
[2018-01-26T22:21:05.626] [DEBUG] utils - copy /Users/cnytync/Programming/tools/WebAppBuilderForArcGIS/client/stemapp/widgets/LayerList
[2018-01-26T22:28:55.744] [INFO] repo - Read repository items: /Users/cnytync/Programming/tools/WebAppBuilderForArcGIS/client/stemapp/widgets
[2018-01-26T22:28:58.168] [INFO] repo - Read repository items: /Users/cnytync/Programming/tools/WebAppBuilderForArcGIS/client/stemapp/themes
[2018-01-26T22:28:58.634] [INFO] repo - Read repository items: /Users/cnytync/Programming/tools/WebAppBuilderForArcGIS/client/stemapp3d/widgets
[2018-01-26T22:28:59.392] [INFO] repo - Read repository items: /Users/cnytync/Programming/tools/WebAppBuilderForArcGIS/client/stemapp3d/themes
[2018-01-28T22:56:36.675] [INFO] repo - Read repository items: /Users/cnytync/Programming/tools/WebAppBuilderForArcGIS/client/stemapp/widgets
[2018-01-28T22:56:39.598] [INFO] repo - Read repository items: /Users/cnytync/Programming/tools/WebAppBuilderForArcGIS/client/stemapp/themes
[2018-01-28T22:56:40.042] [INFO] repo - Read repository items: /Users/cnytync/Programming/tools/WebAppBuilderForArcGIS/client/stemapp3d/widgets
[2018-01-28T22:56:40.691] [INFO] repo - Read repository items: /Users/cnytync/Programming/tools/WebAppBuilderForArcGIS/client/stemapp3d/themes
[2018-01-28T23:16:59.354] [INFO] default - redirect  /webappbuilder/stemapp/index.html?id=2 to /webappbuilder/apps/2
[2018-01-29T00:04:03.337] [INFO] default - redirect  /webappbuilder/stemapp/index.html?id=2 to /webappbuilder/apps/2
[2018-01-29T16:44:26.186] [DEBUG] utils - copy /Users/cnytync/Programming/tools/WebAppBuilderForArcGIS/client/stemapp3d/jimu.js
[2018-01-29T16:44:26.527] [DEBUG] utils - copy /Users/cnytync/Programming/tools/WebAppBuilderForArcGIS/client/stemapp3d/images
[2018-01-29T16:44:26.533] [DEBUG] utils - copy /Users/cnytync/Programming/tools/WebAppBuilderForArcGIS/client/stemapp3d/libs
[2018-01-29T16:44:26.554] [DEBUG] utils - copy /Users/cnytync/Programming/tools/WebAppBuilderForArcGIS/client/stemapp3d/index.html
[2018-01-29T16:44:26.555] [DEBUG] utils - copy /Users/cnytync/Programming/tools/WebAppBuilderForArcGIS/client/stemapp3d/env.js
[2018-01-29T16:44:26.557] [DEBUG] utils - copy /Users/cnytync/Programming/tools/WebAppBuilderForArcGIS/client/stemapp3d/simpleLoader.js
[2018-01-29T16:44:26.558] [DEBUG] utils - copy /Users/cnytync/Programming/tools/WebAppBuilderForArcGIS/client/stemapp3d/init.js
[2018-01-29T16:44:26.560] [DEBUG] utils - copy /Users/cnytync/Programming/tools/WebAppBuilderForArcGIS/client/stemapp3d/web.config
[2018-01-29T16:44:26.561] [DEBUG] utils - copy /Users/cnytync/Programming/tools/WebAppBuilderForArcGIS/client/stemapp3d/dynamic-modules
[2018-01-29T16:44:26.565] [DEBUG] utils - copy /Users/cnytync/Programming/tools/WebAppBuilderForArcGIS/client/stemapp3d/readme.html
[2018-01-29T16:44:26.567] [DEBUG] utils - copy /Users/cnytync/Programming/tools/WebAppBuilderForArcGIS/client/stemapp3d/config-readme.txt
[2018-01-29T16:44:26.568] [DEBUG] utils - copy /Users/cnytync/Programming/tools/WebAppBuilderForArcGIS/client/stemapp3d/configs
[2018-01-29T16:44:26.574] [DEBUG] utils - copy /Users/cnytync/Programming/tools/WebAppBuilderForArcGIS/client/stemapp3d/.jshintrc
[2018-01-29T16:44:26.575] [DEBUG] utils - copy /Users/cnytync/Programming/tools/WebAppBuilderForArcGIS/client/stemapp3d/.jshintignore
[2018-01-29T16:44:26.576] [DEBUG] utils - copy /Users/cnytync/Programming/tools/WebAppBuilderForArcGIS/client/stemapp3d/fx3d
[2018-01-29T16:44:26.629] [DEBUG] utils - copy /Users/cnytync/Programming/tools/WebAppBuilderForArcGIS/client/stemapp3d/themes/FoldableTheme
[2018-01-29T16:44:26.791] [DEBUG] utils - copy /Users/cnytync/Programming/tools/WebAppBuilderForArcGIS/client/stemapp3d/widgets/Search
[2018-01-29T16:44:26.887] [DEBUG] utils - copy /Users/cnytync/Programming/tools/WebAppBuilderForArcGIS/client/stemapp3d/widgets/ZoomSlider
[2018-01-29T16:44:26.926] [DEBUG] utils - copy /Users/cnytync/Programming/tools/WebAppBuilderForArcGIS/client/stemapp3d/widgets/Home
[2018-01-29T16:44:26.968] [DEBUG] utils - copy /Users/cnytync/Programming/tools/WebAppBuilderForArcGIS/client/stemapp3d/widgets/MyLocation
[2018-01-29T16:44:27.057] [DEBUG] utils - copy /Users/cnytync/Programming/tools/WebAppBuilderForArcGIS/client/stemapp3d/widgets/Navigate
[2018-01-29T16:44:27.097] [DEBUG] utils - copy /Users/cnytync/Programming/tools/WebAppBuilderForArcGIS/client/stemapp3d/widgets/Compass
[2018-01-29T16:44:27.136] [DEBUG] utils - copy /Users/cnytync/Programming/tools/WebAppBuilderForArcGIS/client/stemapp3d/widgets/FullScreen
[2018-01-29T16:44:27.180] [DEBUG] utils - copy /Users/cnytync/Programming/tools/WebAppBuilderForArcGIS/client/stemapp3d/widgets/Coordinate
[2018-01-29T16:44:27.280] [DEBUG] utils - copy /Users/cnytync/Programming/tools/WebAppBuilderForArcGIS/client/stemapp3d/widgets/Splash
[2018-01-29T16:44:27.401] [DEBUG] utils - copy /Users/cnytync/Programming/tools/WebAppBuilderForArcGIS/client/stemapp3d/widgets/Daylight
[2018-01-29T16:44:27.443] [DEBUG] utils - copy /Users/cnytync/Programming/tools/WebAppBuilderForArcGIS/client/stemapp3d/widgets/Slides
[2018-01-29T21:24:39.404] [INFO] default - redirect  /webappbuilder/stemapp/index.html?id=2 to /webappbuilder/apps/2
[2018-01-30T11:01:45.877] [INFO] app - remove theme .DS_Store from app 2
[2018-01-30T11:01:45.883] [INFO] app - remove widget .DS_Store from app 2
[2018-01-30T11:25:21.509] [INFO] repo - delete /Users/cnytync/Programming/tools/WebAppBuilderForArcGIS/client/stemapp/widgets/ImageMeasurement
[2018-01-30T11:25:21.533] [INFO] repo - delete /Users/cnytync/Programming/tools/WebAppBuilderForArcGIS/client/stemapp/widgets/Scalebar
[2018-01-30T11:25:21.552] [INFO] repo - delete /Users/cnytync/Programming/tools/WebAppBuilderForArcGIS/client/stemapp/widgets/Coordinate
[2018-01-30T11:25:21.570] [INFO] repo - delete /Users/cnytync/Programming/tools/WebAppBuilderForArcGIS/client/stemapp3d/themes/JewelryBoxTheme
[2018-01-30T11:25:21.588] [INFO] repo - delete /Users/cnytync/Programming/tools/WebAppBuilderForArcGIS/client/stemapp3d/themes/BoxTheme
[2018-01-30T11:25:21.601] [INFO] repo - delete /Users/cnytync/Programming/tools/WebAppBuilderForArcGIS/client/stemapp/widgets/Splash
[2018-01-30T11:25:21.614] [INFO] repo - delete /Users/cnytync/Programming/tools/WebAppBuilderForArcGIS/client/stemapp/widgets/GridOverlay
[2018-01-30T11:25:21.628] [INFO] repo - delete /Users/cnytync/Programming/tools/WebAppBuilderForArcGIS/client/stemapp3d/widgets/Daylight
[2018-01-30T11:25:21.641] [INFO] repo - delete /Users/cnytync/Programming/tools/WebAppBuilderForArcGIS/client/stemapp/widgets/InfoSummary
[2018-01-30T11:25:21.653] [INFO] repo - delete /Users/cnytync/Programming/tools/WebAppBuilderForArcGIS/client/stemapp/widgets/HomeButton
[2018-01-30T11:25:21.664] [INFO] repo - delete /Users/cnytync/Programming/tools/WebAppBuilderForArcGIS/client/stemapp/widgets/Query
[2018-01-30T11:25:21.675] [INFO] repo - delete /Users/cnytync/Programming/tools/WebAppBuilderForArcGIS/client/stemapp3d/themes/TabTheme
[2018-01-30T11:25:21.690] [INFO] repo - delete /Users/cnytync/Programming/tools/WebAppBuilderForArcGIS/client/stemapp3d/widgets/Navigate
[2018-01-30T11:25:21.702] [INFO] repo - delete /Users/cnytync/Programming/tools/WebAppBuilderForArcGIS/client/stemapp3d/widgets/Compass
[2018-01-30T11:25:21.725] [INFO] repo - delete /Users/cnytync/Programming/tools/WebAppBuilderForArcGIS/client/stemapp/widgets/NearMe
[2018-01-30T11:25:21.739] [INFO] repo - delete /Users/cnytync/Programming/tools/WebAppBuilderForArcGIS/client/stemapp/widgets/LayerList
[2018-01-30T11:25:21.752] [INFO] repo - delete /Users/cnytync/Programming/tools/WebAppBuilderForArcGIS/client/stemapp/widgets/Bookmark
[2018-01-30T11:25:21.764] [INFO] repo - delete /Users/cnytync/Programming/tools/WebAppBuilderForArcGIS/client/stemapp/widgets/SituationAwareness
[2018-01-30T11:25:21.782] [INFO] repo - delete /Users/cnytync/Programming/tools/WebAppBuilderForArcGIS/client/stemapp3d/widgets/FullScreen
[2018-01-30T11:25:21.796] [INFO] repo - delete /Users/cnytync/Programming/tools/WebAppBuilderForArcGIS/client/stemapp/widgets/Stream
[2018-01-30T11:25:21.809] [INFO] repo - delete /Users/cnytync/Programming/tools/WebAppBuilderForArcGIS/client/stemapp/widgets/Filter
[2018-01-30T11:25:21.826] [INFO] repo - delete /Users/cnytync/Programming/tools/WebAppBuilderForArcGIS/client/stemapp/widgets/TimeSlider
[2018-01-30T11:25:21.849] [INFO] repo - delete /Users/cnytync/Programming/tools/WebAppBuilderForArcGIS/client/stemapp/themes/JewelryBoxTheme
[2018-01-30T11:25:21.872] [INFO] repo - delete /Users/cnytync/Programming/tools/WebAppBuilderForArcGIS/client/stemapp/widgets/Swipe
[2018-01-30T11:25:21.884] [INFO] repo - delete /Users/cnytync/Programming/tools/WebAppBuilderForArcGIS/client/stemapp/widgets/ParcelDrafter
[2018-01-30T11:25:21.896] [INFO] repo - delete /Users/cnytync/Programming/tools/WebAppBuilderForArcGIS/client/stemapp3d/themes/BillboardTheme
[2018-01-30T11:25:21.905] [INFO] repo - delete /Users/cnytync/Programming/tools/WebAppBuilderForArcGIS/client/stemapp3d/widgets/ZoomSlider
[2018-01-30T11:25:21.915] [INFO] repo - delete /Users/cnytync/Programming/tools/WebAppBuilderForArcGIS/client/stemapp/widgets/IncidentAnalysis
[2018-01-30T11:25:21.929] [INFO] repo - delete /Users/cnytync/Programming/tools/WebAppBuilderForArcGIS/client/stemapp/widgets/Print
[2018-01-30T11:25:21.942] [INFO] repo - delete /Users/cnytync/Programming/tools/WebAppBuilderForArcGIS/client/stemapp/widgets/Screening
[2018-01-30T11:25:21.952] [INFO] repo - delete /Users/cnytync/Programming/tools/WebAppBuilderForArcGIS/client/stemapp/widgets/BasemapGallery
[2018-01-30T11:25:21.960] [INFO] repo - delete /Users/cnytync/Programming/tools/WebAppBuilderForArcGIS/client/stemapp/themes/BoxTheme
[2018-01-30T11:25:21.968] [INFO] repo - delete /Users/cnytync/Programming/tools/WebAppBuilderForArcGIS/client/stemapp/widgets/GroupFilter
[2018-01-30T11:25:21.977] [INFO] repo - delete /Users/cnytync/Programming/tools/WebAppBuilderForArcGIS/client/stemapp/widgets/ReviewerDashboard
[2018-01-30T11:25:21.986] [INFO] repo - delete /Users/cnytync/Programming/tools/WebAppBuilderForArcGIS/client/stemapp/widgets/ExtentNavigate
[2018-01-30T11:25:21.994] [INFO] repo - delete /Users/cnytync/Programming/tools/WebAppBuilderForArcGIS/client/stemapp/widgets/OverviewMap
[2018-01-30T11:25:22.003] [INFO] repo - delete /Users/cnytync/Programming/tools/WebAppBuilderForArcGIS/client/stemapp/widgets/Share
[2018-01-30T11:25:22.011] [INFO] repo - delete /Users/cnytync/Programming/tools/WebAppBuilderForArcGIS/client/stemapp/widgets/AttributeTable
[2018-01-30T11:25:22.019] [INFO] repo - delete /Users/cnytync/Programming/tools/WebAppBuilderForArcGIS/client/stemapp/widgets/Measurement
[2018-01-30T11:25:22.029] [INFO] repo - delete /Users/cnytync/Programming/tools/WebAppBuilderForArcGIS/client/stemapp3d/themes/LaunchpadTheme
[2018-01-30T11:25:22.037] [INFO] repo - delete /Users/cnytync/Programming/tools/WebAppBuilderForArcGIS/client/stemapp/widgets/Geoprocessing
[2018-01-30T11:25:22.046] [INFO] repo - delete /Users/cnytync/Programming/tools/WebAppBuilderForArcGIS/client/stemapp/widgets/SuitabilityModeler
[2018-01-30T11:25:22.058] [INFO] repo - delete /Users/cnytync/Programming/tools/WebAppBuilderForArcGIS/client/stemapp3d/widgets/Legend
[2018-01-30T11:25:22.069] [INFO] repo - delete /Users/cnytync/Programming/tools/WebAppBuilderForArcGIS/client/stemapp/themes/FoldableTheme
[2018-01-30T11:25:22.076] [INFO] repo - delete /Users/cnytync/Programming/tools/WebAppBuilderForArcGIS/client/stemapp/widgets/PublicNotification
[2018-01-30T11:25:22.084] [INFO] repo - delete /Users/cnytync/Programming/tools/WebAppBuilderForArcGIS/client/stemapp/widgets/Analysis
[2018-01-30T11:25:22.091] [INFO] repo - delete /Users/cnytync/Programming/tools/WebAppBuilderForArcGIS/client/stemapp/widgets/MyLocation
[2018-01-30T11:25:22.098] [INFO] repo - delete /Users/cnytync/Programming/tools/WebAppBuilderForArcGIS/client/stemapp/widgets/AddData
[2018-01-30T11:25:22.104] [INFO] repo - delete /Users/cnytync/Programming/tools/WebAppBuilderForArcGIS/client/stemapp3d/widgets/Home
[2018-01-30T11:25:22.110] [INFO] repo - delete /Users/cnytync/Programming/tools/WebAppBuilderForArcGIS/client/stemapp3d/widgets/Slides
[2018-01-30T11:25:22.118] [INFO] repo - delete /Users/cnytync/Programming/tools/WebAppBuilderForArcGIS/client/stemapp/widgets/ObliqueViewer
[2018-01-30T11:25:22.125] [INFO] repo - delete /Users/cnytync/Programming/tools/WebAppBuilderForArcGIS/client/stemapp3d/widgets/MyLocation
[2018-01-30T11:25:22.131] [INFO] repo - delete /Users/cnytync/Programming/tools/WebAppBuilderForArcGIS/client/stemapp3d/widgets/Coordinate
[2018-01-30T11:25:22.138] [INFO] repo - delete /Users/cnytync/Programming/tools/WebAppBuilderForArcGIS/client/stemapp/widgets/Legend
[2018-01-30T11:25:22.145] [INFO] repo - delete /Users/cnytync/Programming/tools/WebAppBuilderForArcGIS/client/stemapp/widgets/FullScreen
[2018-01-30T11:25:22.151] [INFO] repo - delete /Users/cnytync/Programming/tools/WebAppBuilderForArcGIS/client/stemapp/widgets/RelatedTableCharts
[2018-01-30T11:25:22.156] [INFO] repo - delete /Users/cnytync/Programming/tools/WebAppBuilderForArcGIS/client/stemapp3d/widgets/3DFx
[2018-01-30T11:25:22.165] [INFO] repo - delete /Users/cnytync/Programming/tools/WebAppBuilderForArcGIS/client/stemapp/widgets/Summary
[2018-01-30T11:25:22.171] [INFO] repo - delete /Users/cnytync/Programming/tools/WebAppBuilderForArcGIS/client/stemapp/widgets/Infographic
[2018-01-30T11:25:22.178] [INFO] repo - delete /Users/cnytync/Programming/tools/WebAppBuilderForArcGIS/client/stemapp/widgets/BatchAttributeEditor
[2018-01-30T11:25:22.183] [INFO] repo - delete /Users/cnytync/Programming/tools/WebAppBuilderForArcGIS/client/stemapp3d/widgets/LayerList
[2018-01-30T11:25:22.191] [INFO] repo - delete /Users/cnytync/Programming/tools/WebAppBuilderForArcGIS/client/stemapp/widgets/Directions
[2018-01-30T11:25:22.209] [INFO] repo - delete /Users/cnytync/Programming/tools/WebAppBuilderForArcGIS/client/stemapp/themes/BillboardTheme
[2018-01-30T11:25:22.217] [INFO] repo - delete /Users/cnytync/Programming/tools/WebAppBuilderForArcGIS/client/stemapp/themes/DartTheme
[2018-01-30T11:25:22.222] [INFO] repo - delete /Users/cnytync/Programming/tools/WebAppBuilderForArcGIS/client/stemapp/widgets/Search
[2018-01-30T11:25:22.229] [INFO] repo - delete /Users/cnytync/Programming/tools/WebAppBuilderForArcGIS/client/stemapp/widgets/About
[2018-01-30T11:25:22.233] [INFO] repo - delete /Users/cnytync/Programming/tools/WebAppBuilderForArcGIS/client/stemapp3d/widgets/Splash
[2018-01-30T11:25:22.238] [INFO] repo - delete /Users/cnytync/Programming/tools/WebAppBuilderForArcGIS/client/stemapp3d/widgets/About
[2018-01-30T11:25:22.242] [INFO] repo - delete /Users/cnytync/Programming/tools/WebAppBuilderForArcGIS/client/stemapp3d/widgets/BasemapGallery
[2018-01-30T11:25:22.251] [INFO] repo - delete /Users/cnytync/Programming/tools/WebAppBuilderForArcGIS/client/stemapp/widgets/SmartEditor
[2018-01-30T11:25:22.255] [INFO] repo - delete /Users/cnytync/Programming/tools/WebAppBuilderForArcGIS/client/stemapp/widgets/Draw
[2018-01-30T11:25:22.261] [INFO] repo - delete /Users/cnytync/Programming/tools/WebAppBuilderForArcGIS/client/stemapp/widgets/ZoomSlider
[2018-01-30T11:25:22.265] [INFO] repo - delete /Users/cnytync/Programming/tools/WebAppBuilderForArcGIS/client/stemapp3d/themes/FoldableTheme
[2018-01-30T11:25:22.268] [INFO] repo - delete /Users/cnytync/Programming/tools/WebAppBuilderForArcGIS/client/stemapp/themes/LaunchpadTheme
[2018-01-30T11:25:22.272] [INFO] repo - delete /Users/cnytync/Programming/tools/WebAppBuilderForArcGIS/client/stemapp/widgets/Chart
[2018-01-30T11:25:22.275] [INFO] repo - delete /Users/cnytync/Programming/tools/WebAppBuilderForArcGIS/client/stemapp/themes/DashboardTheme
[2018-01-30T11:25:22.278] [INFO] repo - delete /Users/cnytync/Programming/tools/WebAppBuilderForArcGIS/client/stemapp/widgets/DistrictLookup
[2018-01-30T11:25:22.281] [INFO] repo - delete /Users/cnytync/Programming/tools/WebAppBuilderForArcGIS/client/stemapp/widgets/GeoLookup
[2018-01-30T11:25:22.285] [INFO] repo - delete /Users/cnytync/Programming/tools/WebAppBuilderForArcGIS/client/stemapp/widgets/Edit
[2018-01-30T11:25:22.289] [INFO] repo - delete /Users/cnytync/Programming/tools/WebAppBuilderForArcGIS/client/stemapp/themes/PlateauTheme
[2018-01-30T11:25:22.294] [INFO] repo - delete /Users/cnytync/Programming/tools/WebAppBuilderForArcGIS/client/stemapp/widgets/CoordinateConversion
[2018-01-30T11:25:22.297] [INFO] repo - delete /Users/cnytync/Programming/tools/WebAppBuilderForArcGIS/client/stemapp/widgets/Select
[2018-01-30T11:25:22.301] [INFO] repo - delete /Users/cnytync/Programming/tools/WebAppBuilderForArcGIS/client/stemapp/widgets/CostAnalysis
[2018-01-30T11:25:22.305] [INFO] repo - delete /Users/cnytync/Programming/tools/WebAppBuilderForArcGIS/client/stemapp3d/widgets/Search
[2018-01-30T11:25:22.308] [INFO] repo - delete /Users/cnytync/Programming/tools/WebAppBuilderForArcGIS/client/stemapp3d/themes/DartTheme
[2018-01-30T11:25:22.309] [INFO] repo - delete /Users/cnytync/Programming/tools/WebAppBuilderForArcGIS/client/stemapp/widgets/ReportFeature
[2018-01-30T11:25:22.312] [INFO] repo - delete /Users/cnytync/Programming/tools/WebAppBuilderForArcGIS/client/stemapp/themes/TabTheme
[2018-01-30T11:49:25.854] [INFO] default - No token is found, redirect /webappbuilder/?id=2 to /webappbuilder/?id=2&action=setportalurl
[2018-01-30T11:49:57.762] [INFO] repo - Read repository items: /Users/cnytync/Programming/arc-gis-dev/WebAppBuilderForArcGIS/client/stemapp/widgets
[2018-01-30T11:49:59.897] [INFO] repo - insert HTML.About
[2018-01-30T11:49:59.898] [INFO] repo - insert HTML.AddData
[2018-01-30T11:49:59.898] [INFO] repo - insert HTML.Analysis
[2018-01-30T11:49:59.899] [INFO] repo - insert HTML.AttributeTable
[2018-01-30T11:49:59.900] [INFO] repo - insert HTML.BasemapGallery
[2018-01-30T11:49:59.900] [INFO] repo - insert HTML.BatchAttributeEditor
[2018-01-30T11:49:59.901] [INFO] repo - insert HTML.Bookmark
[2018-01-30T11:49:59.902] [INFO] repo - insert HTML.Chart
[2018-01-30T11:49:59.902] [INFO] repo - insert HTML.Coordinate
[2018-01-30T11:49:59.903] [INFO] repo - insert HTML.CoordinateConversion
[2018-01-30T11:49:59.904] [INFO] repo - insert HTML.CostAnalysis
[2018-01-30T11:49:59.905] [INFO] repo - insert HTML.Directions
[2018-01-30T11:49:59.906] [INFO] repo - insert HTML.DistrictLookup
[2018-01-30T11:49:59.906] [INFO] repo - insert HTML.Draw
[2018-01-30T11:49:59.907] [INFO] repo - insert HTML.Edit
[2018-01-30T11:49:59.908] [INFO] repo - insert HTML.ExtentNavigate
[2018-01-30T11:49:59.908] [INFO] repo - insert HTML.Filter
[2018-01-30T11:49:59.909] [INFO] repo - insert HTML.FullScreen
[2018-01-30T11:49:59.909] [INFO] repo - insert HTML.GeoLookup
[2018-01-30T11:49:59.911] [INFO] repo - insert HTML.Geoprocessing
[2018-01-30T11:49:59.911] [INFO] repo - insert HTML.GridOverlay
[2018-01-30T11:49:59.912] [INFO] repo - insert HTML.GroupFilter
[2018-01-30T11:49:59.913] [INFO] repo - insert HTML.HomeButton
[2018-01-30T11:49:59.913] [INFO] repo - insert HTML.ImageMeasurement
[2018-01-30T11:49:59.914] [INFO] repo - insert HTML.IncidentAnalysis
[2018-01-30T11:49:59.915] [INFO] repo - insert HTML.InfoSummary
[2018-01-30T11:49:59.915] [INFO] repo - insert HTML.Infographic
[2018-01-30T11:49:59.917] [INFO] repo - insert HTML.LayerList
[2018-01-30T11:49:59.918] [INFO] repo - insert HTML.Legend
[2018-01-30T11:49:59.918] [INFO] repo - insert HTML.Measurement
[2018-01-30T11:49:59.919] [INFO] repo - insert HTML.MyLocation
[2018-01-30T11:49:59.919] [INFO] repo - insert HTML.NearMe
[2018-01-30T11:49:59.920] [INFO] repo - insert HTML.ObliqueViewer
[2018-01-30T11:49:59.921] [INFO] repo - insert HTML.OverviewMap
[2018-01-30T11:49:59.921] [INFO] repo - insert HTML.ParcelDrafter
[2018-01-30T11:49:59.922] [INFO] repo - insert HTML.Print
[2018-01-30T11:49:59.923] [INFO] repo - insert HTML.PublicNotification
[2018-01-30T11:49:59.923] [INFO] repo - insert HTML.Query
[2018-01-30T11:49:59.924] [INFO] repo - insert HTML.RelatedTableCharts
[2018-01-30T11:49:59.924] [INFO] repo - insert HTML.ReportFeature
[2018-01-30T11:49:59.925] [INFO] repo - insert HTML.ReviewerDashboard
[2018-01-30T11:49:59.925] [INFO] repo - insert HTML.Scalebar
[2018-01-30T11:49:59.926] [INFO] repo - insert HTML.Screening
[2018-01-30T11:49:59.927] [INFO] repo - insert HTML.Search
[2018-01-30T11:49:59.927] [INFO] repo - insert HTML.Select
[2018-01-30T11:49:59.928] [INFO] repo - insert HTML.Share
[2018-01-30T11:49:59.929] [INFO] repo - insert HTML.SituationAwareness
[2018-01-30T11:49:59.930] [INFO] repo - insert HTML.SmartEditor
[2018-01-30T11:49:59.931] [INFO] repo - insert HTML.Splash
[2018-01-30T11:49:59.932] [INFO] repo - insert HTML.Stream
[2018-01-30T11:49:59.932] [INFO] repo - insert HTML.SuitabilityModeler
[2018-01-30T11:49:59.933] [INFO] repo - insert HTML.Summary
[2018-01-30T11:49:59.934] [INFO] repo - insert HTML.Swipe
[2018-01-30T11:49:59.935] [INFO] repo - insert HTML.TimeSlider
[2018-01-30T11:49:59.935] [INFO] repo - insert HTML.ZoomSlider
[2018-01-30T11:49:59.939] [INFO] repo - Read repository items: /Users/cnytync/Programming/arc-gis-dev/WebAppBuilderForArcGIS/client/stemapp/themes
[2018-01-30T11:50:00.559] [INFO] repo - insert HTML.BillboardTheme
[2018-01-30T11:50:00.561] [INFO] repo - insert HTML.FoldableTheme
[2018-01-30T11:50:00.568] [INFO] repo - insert HTML.TabTheme
[2018-01-30T11:50:00.571] [INFO] repo - insert HTML.DartTheme
[2018-01-30T11:50:00.575] [INFO] repo - insert HTML.BoxTheme
[2018-01-30T11:50:00.576] [INFO] repo - insert HTML.LaunchpadTheme
[2018-01-30T11:50:00.577] [INFO] repo - insert HTML.PlateauTheme
[2018-01-30T11:50:00.578] [INFO] repo - insert HTML.DashboardTheme
[2018-01-30T11:50:00.579] [INFO] repo - insert HTML.JewelryBoxTheme
[2018-01-30T11:50:00.580] [INFO] repo - Read repository items: /Users/cnytync/Programming/arc-gis-dev/WebAppBuilderForArcGIS/client/stemapp3d/widgets
[2018-01-30T11:50:01.696] [INFO] repo - insert HTML3D.About
[2018-01-30T11:50:01.697] [INFO] repo - insert HTML3D.BasemapGallery
[2018-01-30T11:50:01.698] [INFO] repo - insert HTML3D.3DFx
[2018-01-30T11:50:01.698] [INFO] repo - insert HTML3D.Compass
[2018-01-30T11:50:01.699] [INFO] repo - insert HTML3D.Daylight
[2018-01-30T11:50:01.699] [INFO] repo - insert HTML3D.Coordinate
[2018-01-30T11:50:01.700] [INFO] repo - insert HTML3D.FullScreen
[2018-01-30T11:50:01.700] [INFO] repo - insert HTML3D.Search
[2018-01-30T11:50:01.701] [INFO] repo - insert HTML3D.MyLocation
[2018-01-30T11:50:01.701] [INFO] repo - insert HTML3D.Navigate
[2018-01-30T11:50:01.702] [INFO] repo - insert HTML3D.Slides
[2018-01-30T11:50:01.702] [INFO] repo - insert HTML3D.Splash
[2018-01-30T11:50:01.703] [INFO] repo - insert HTML3D.Home
[2018-01-30T11:50:01.704] [INFO] repo - insert HTML3D.ZoomSlider
[2018-01-30T11:50:01.705] [INFO] repo - insert HTML3D.LayerList
[2018-01-30T11:50:01.705] [INFO] repo - insert HTML3D.Legend
[2018-01-30T11:50:01.706] [INFO] repo - Read repository items: /Users/cnytync/Programming/arc-gis-dev/WebAppBuilderForArcGIS/client/stemapp3d/themes
[2018-01-30T11:50:02.306] [INFO] repo - insert HTML3D.BillboardTheme
[2018-01-30T11:50:02.308] [INFO] repo - insert HTML3D.JewelryBoxTheme
[2018-01-30T11:50:02.308] [INFO] repo - insert HTML3D.LaunchpadTheme
[2018-01-30T11:50:02.310] [INFO] repo - insert HTML3D.TabTheme
[2018-01-30T11:50:02.311] [INFO] repo - insert HTML3D.BoxTheme
[2018-01-30T11:50:02.312] [INFO] repo - insert HTML3D.DartTheme
[2018-01-30T11:50:02.313] [INFO] repo - insert HTML3D.FoldableTheme
[2018-01-31T00:14:34.698] [INFO] default - redirect  /webappbuilder/stemapp/index.html?id=2 to /webappbuilder/apps/2
